<?xml version="1.0" encoding="UTF-8"?>
<!-- Generated by org.testng.reporters.JUnitReportReporter -->
<testsuite skipped="0" hostname="disha" name="com.qa.test.restAPI.GetAPITest" tests="2" failures="0" timestamp="11 Feb 2021 19:58:36 GMT" time="3.874" errors="0">
  <testcase name="getAPITestwithoutHeader" time="0.234" classname="com.qa.test.restAPI.GetAPITest"/>
  <testcase name="getAPITestwithHeaders" time="3.640" classname="com.qa.test.restAPI.GetAPITest"/>
</testsuite> <!-- com.qa.test.restAPI.GetAPITest -->
