<?xml version="1.0" encoding="UTF-8"?>
<!-- Generated by org.testng.reporters.JUnitReportReporter -->
<testsuite skipped="0" hostname="disha" name="com.qa.test.restAPI.PostAPItest" tests="1" failures="0" timestamp="12 Feb 2021 20:46:30 GMT" time="4.996" errors="0">
  <testcase name="postAPITest" time="4.996" classname="com.qa.test.restAPI.PostAPItest"/>
</testsuite> <!-- com.qa.test.restAPI.PostAPItest -->
