<?xml version="1.0" encoding="UTF-8"?>
<!-- Generated by org.testng.reporters.JUnitReportReporter -->
<testsuite skipped="0" hostname="disha" name="APIProject.Test01_Get" tests="2" failures="0" timestamp="2021-02-09T23:02:29 CST" time="11.394" errors="0">
  <testcase name="test_02" time="4.073" classname="APIProject.Test01_Get"/>
  <system-out/>
  <testcase name="test_01" time="7.321" classname="APIProject.Test01_Get"/>
  <system-out/>
</testsuite> <!-- APIProject.Test01_Get -->
