<?xml version="1.0" encoding="UTF-8"?>
<!-- Generated by org.testng.reporters.JUnitReportReporter -->
<testsuite skipped="0" hostname="disha" name="APIProject.AllResponse_Test" tests="1" failures="0" timestamp="10 Feb 2021 14:29:30 GMT" time="10.426" errors="0">
  <testcase name="TestAllResponse" time="10.426" classname="APIProject.AllResponse_Test"/>
</testsuite> <!-- APIProject.AllResponse_Test -->
